<?xml version="1.0" encoding="utf-8"?><testsuites name="pytest tests"><testsuite name="pytest" errors="0" failures="0" skipped="0" tests="11" time="2.156" timestamp="2026-06-04T13:15:50.318024+00:00" hostname="agent-env-a65cc91d-9db9-4ac5-8ec0-fe9fa484c158"><testcase classname="backend.tests.test_po_review" name="test_login_invalid" time="0.487" /><testcase classname="backend.tests.test_po_review" name="test_auth_me" time="0.413" /><testcase classname="backend.tests.test_po_review" name="test_auth_me_unauthenticated" time="0.120" /><testcase classname="backend.tests.test_po_review" name="test_get_settings" time="0.062" /><testcase classname="backend.tests.test_po_review" name="test_update_settings" time="0.179" /><testcase classname="backend.tests.test_po_review" name="test_upload_invalid_extension" time="0.064" /><testcase classname="backend.tests.test_po_review" name="test_history_contains_upload" time="0.160" /><testcase classname="backend.tests.test_po_review" name="test_get_results" time="0.084" /><testcase classname="backend.tests.test_po_review" name="test_download" time="0.080" /><testcase classname="backend.tests.test_po_review" name="test_download_unknown_404" time="0.059" /><testcase classname="backend.tests.test_po_review" name="test_logout" time="0.382" /></testsuite></testsuites>